  stdafx.cpp
  AppVideoEnhance.cpp
  AppTest.cpp
  AppOrderFilter.cpp
  AppME.cpp
  AppMCTF.cpp
  AppFieldOrder.cpp
  AppEncodeDecode.cpp
c:\users\28573\desktop\program template - vs2015\program template - vs2015\vpt\app\appencodedecode.cpp(32): warning C4996: 'fopen': This function or variable may be unsafe. Consider using fopen_s instead. To disable deprecation, use _CRT_SECURE_NO_WARNINGS. See online help for details.
  c:\program files (x86)\windows kits\10\include\10.0.16299.0\ucrt\stdio.h(207): note: 参见“fopen”的声明
  AppDeinterlacing.cpp
  videoEnhance.cpp
c:\users\28573\desktop\program template - vs2015\program template - vs2015\vpt\tools\videoenhance.cpp(338): warning C4101: “v_r”: 未引用的局部变量
c:\users\28573\desktop\program template - vs2015\program template - vs2015\vpt\tools\videoenhance.cpp(338): warning C4101: “u_r”: 未引用的局部变量
c:\users\28573\desktop\program template - vs2015\program template - vs2015\vpt\tools\videoenhance.cpp(339): warning C4101: “u_b”: 未引用的局部变量
c:\users\28573\desktop\program template - vs2015\program template - vs2015\vpt\tools\videoenhance.cpp(339): warning C4101: “v_b”: 未引用的局部变量
c:\users\28573\desktop\program template - vs2015\program template - vs2015\vpt\tools\videoenhance.cpp(340): warning C4101: “d”: 未引用的局部变量
  VFWInterface.cpp
  NoiseGenerator.cpp
  linklist.cpp
  ImageFilter.cpp
  ImageConvert.cpp
  DSGraphBuilder.cpp
  cpuid.cpp
c:\users\28573\desktop\program template - vs2015\program template - vs2015\vpt\tools\cpuid.cpp(15): warning C4949: 只有使用“/clr[:option]”编译时，pragma“managed”和“unmanaged”才有意义
  VPTView.cpp
  VPTDoc.cpp
  VPT.cpp
  VideoCtrlFrm.cpp
  正在生成代码...
  正在编译...
  VideoCtrlBar.cpp
  VideoCapture.cpp
  Tunnel.cpp
  Processing.cpp
  MainFrm.cpp
  ImgParam.cpp
  ImageLoader.cpp
  DSVideoGrabber.cpp
  CustomSplitterWnd.cpp
  ConsoleView.cpp
  ChildFrm.cpp
  CaptureSelect.cpp
  AviWriter.cpp
  AviLoader.cpp
  AppConvert.cpp
c:\users\28573\desktop\program template - vs2015\program template - vs2015\vpt\app\appconvert.cpp(53): warning C4244: “=”: 从“double”转换到“int”，可能丢失数据
c:\users\28573\desktop\program template - vs2015\program template - vs2015\vpt\app\appconvert.cpp(54): warning C4244: “=”: 从“double”转换到“int”，可能丢失数据
c:\users\28573\desktop\program template - vs2015\program template - vs2015\vpt\app\appconvert.cpp(55): warning C4244: “=”: 从“double”转换到“int”，可能丢失数据
c:\users\28573\desktop\program template - vs2015\program template - vs2015\vpt\app\appconvert.cpp(116): warning C4244: “=”: 从“double”转换到“int”，可能丢失数据
c:\users\28573\desktop\program template - vs2015\program template - vs2015\vpt\app\appconvert.cpp(117): warning C4244: “=”: 从“double”转换到“int”，可能丢失数据
c:\users\28573\desktop\program template - vs2015\program template - vs2015\vpt\app\appconvert.cpp(118): warning C4244: “=”: 从“double”转换到“int”，可能丢失数据
  AppCompress.cpp
c:\users\28573\desktop\program template - vs2015\program template - vs2015\vpt\app\appcompress.cpp(45): warning C4244: “=”: 从“unsigned short”转换到“unsigned char”，可能丢失数据
c:\users\28573\desktop\program template - vs2015\program template - vs2015\vpt\app\appcompress.cpp(46): warning C4244: “=”: 从“unsigned short”转换到“unsigned char”，可能丢失数据
c:\users\28573\desktop\program template - vs2015\program template - vs2015\vpt\app\appcompress.cpp(52): warning C4244: “=”: 从“unsigned short”转换到“unsigned char”，可能丢失数据
c:\users\28573\desktop\program template - vs2015\program template - vs2015\vpt\app\appcompress.cpp(53): warning C4244: “=”: 从“unsigned short”转换到“unsigned char”，可能丢失数据
c:\users\28573\desktop\program template - vs2015\program template - vs2015\vpt\app\appcompress.cpp(60): warning C4244: “=”: 从“unsigned short”转换到“unsigned char”，可能丢失数据
c:\users\28573\desktop\program template - vs2015\program template - vs2015\vpt\app\appcompress.cpp(75): warning C4244: “=”: 从“unsigned short”转换到“unsigned char”，可能丢失数据
c:\users\28573\desktop\program template - vs2015\program template - vs2015\vpt\app\appcompress.cpp(76): warning C4244: “=”: 从“unsigned short”转换到“unsigned char”，可能丢失数据
c:\users\28573\desktop\program template - vs2015\program template - vs2015\vpt\app\appcompress.cpp(82): warning C4244: “=”: 从“unsigned short”转换到“unsigned char”，可能丢失数据
c:\users\28573\desktop\program template - vs2015\program template - vs2015\vpt\app\appcompress.cpp(83): warning C4244: “=”: 从“unsigned short”转换到“unsigned char”，可能丢失数据
c:\users\28573\desktop\program template - vs2015\program template - vs2015\vpt\app\appcompress.cpp(90): warning C4244: “=”: 从“unsigned short”转换到“unsigned char”，可能丢失数据
c:\users\28573\desktop\program template - vs2015\program template - vs2015\vpt\app\appcompress.cpp(105): warning C4244: “=”: 从“unsigned short”转换到“unsigned char”，可能丢失数据
c:\users\28573\desktop\program template - vs2015\program template - vs2015\vpt\app\appcompress.cpp(106): warning C4244: “=”: 从“unsigned short”转换到“unsigned char”，可能丢失数据
c:\users\28573\desktop\program template - vs2015\program template - vs2015\vpt\app\appcompress.cpp(112): warning C4244: “=”: 从“unsigned short”转换到“unsigned char”，可能丢失数据
c:\users\28573\desktop\program template - vs2015\program template - vs2015\vpt\app\appcompress.cpp(113): warning C4244: “=”: 从“unsigned short”转换到“unsigned char”，可能丢失数据
c:\users\28573\desktop\program template - vs2015\program template - vs2015\vpt\app\appcompress.cpp(120): warning C4244: “=”: 从“unsigned short”转换到“unsigned char”，可能丢失数据
c:\users\28573\desktop\program template - vs2015\program template - vs2015\vpt\app\appcompress.cpp(130): warning C4101: “b”: 未引用的局部变量
c:\users\28573\desktop\program template - vs2015\program template - vs2015\vpt\app\appcompress.cpp(130): warning C4101: “g”: 未引用的局部变量
c:\users\28573\desktop\program template - vs2015\program template - vs2015\vpt\app\appcompress.cpp(130): warning C4101: “r”: 未引用的局部变量
c:\users\28573\desktop\program template - vs2015\program template - vs2015\vpt\app\appcompress.cpp(171): warning C4101: “verifyCompressedData”: 未引用的局部变量
  正在生成代码...
  bitstream.c
  videoDeinterlace.c
  motionEstimation_yuv420.c
  mcTemporalFilter.c
  frame_yuv420.c
  正在生成代码...
LINK : warning LNK4075: 忽略“/INCREMENTAL”(由于“/PROFILE”规范)
AppCompress.obj : warning LNK4075: 忽略“/EDITANDCONTINUE”(由于“/OPT:REF”规范)
  VPT.vcxproj -> C:\Users\28573\Desktop\Program Template - vs2015\Program Template - vs2015\VPT\Debug\VPT.exe
