c:\users\rchung\desktop\vpt\debug\vpt.pch
c:\users\rchung\desktop\vpt\debug\vc140.pdb
c:\users\rchung\desktop\vpt\debug\vc140.idb
c:\users\rchung\desktop\vpt\debug\stdafx.obj
c:\users\rchung\desktop\vpt\debug\videoctrlfrm.obj
c:\users\rchung\desktop\vpt\debug\vpt.obj
c:\users\rchung\desktop\vpt\debug\vptdoc.obj
c:\users\rchung\desktop\vpt\debug\vptview.obj
c:\users\rchung\desktop\vpt\debug\cpuid.obj
c:\users\rchung\desktop\vpt\debug\dsgraphbuilder.obj
c:\users\rchung\desktop\vpt\debug\imageconvert.obj
c:\users\rchung\desktop\vpt\debug\imagefilter.obj
c:\users\rchung\desktop\vpt\debug\linklist.obj
c:\users\rchung\desktop\vpt\debug\noisegenerator.obj
c:\users\rchung\desktop\vpt\debug\vfwinterface.obj
c:\users\rchung\desktop\vpt\debug\videoenhance.obj
c:\users\rchung\desktop\vpt\debug\appdeinterlacing.obj
c:\users\rchung\desktop\vpt\debug\appencodedecode.obj
c:\users\rchung\desktop\vpt\debug\appfieldorder.obj
c:\users\rchung\desktop\vpt\debug\appmctf.obj
c:\users\rchung\desktop\vpt\debug\appme.obj
c:\users\rchung\desktop\vpt\debug\apporderfilter.obj
c:\users\rchung\desktop\vpt\debug\apptest.obj
c:\users\rchung\desktop\vpt\debug\appvideoenhance.obj
c:\users\rchung\desktop\vpt\debug\appcompress.obj
c:\users\rchung\desktop\vpt\debug\appconvert.obj
c:\users\rchung\desktop\vpt\debug\aviloader.obj
c:\users\rchung\desktop\vpt\debug\aviwriter.obj
c:\users\rchung\desktop\vpt\debug\captureselect.obj
c:\users\rchung\desktop\vpt\debug\childfrm.obj
c:\users\rchung\desktop\vpt\debug\consoleview.obj
c:\users\rchung\desktop\vpt\debug\customsplitterwnd.obj
c:\users\rchung\desktop\vpt\debug\dsvideograbber.obj
c:\users\rchung\desktop\vpt\debug\imageloader.obj
c:\users\rchung\desktop\vpt\debug\imgparam.obj
c:\users\rchung\desktop\vpt\debug\mainfrm.obj
c:\users\rchung\desktop\vpt\debug\processing.obj
c:\users\rchung\desktop\vpt\debug\tunnel.obj
c:\users\rchung\desktop\vpt\debug\videocapture.obj
c:\users\rchung\desktop\vpt\debug\videoctrlbar.obj
c:\users\rchung\desktop\vpt\debug\bitstream.obj
c:\users\rchung\desktop\vpt\debug\frame_yuv420.obj
c:\users\rchung\desktop\vpt\debug\mctemporalfilter.obj
c:\users\rchung\desktop\vpt\debug\motionestimation_yuv420.obj
c:\users\rchung\desktop\vpt\debug\videodeinterlace.obj
c:\users\rchung\desktop\vpt\debug\vpt.exe
c:\users\rchung\desktop\vpt\debug\vpt.pdb
c:\users\rchung\desktop\vpt\debug\vpt.res
c:\users\rchung\desktop\vpt\debug\vpt.tlog\cl.command.1.tlog
c:\users\rchung\desktop\vpt\debug\vpt.tlog\cl.read.1.tlog
c:\users\rchung\desktop\vpt\debug\vpt.tlog\cl.write.1.tlog
c:\users\rchung\desktop\vpt\debug\vpt.tlog\link.command.1.tlog
c:\users\rchung\desktop\vpt\debug\vpt.tlog\link.read.1.tlog
c:\users\rchung\desktop\vpt\debug\vpt.tlog\link.write.1.tlog
c:\users\rchung\desktop\vpt\debug\vpt.tlog\rc.command.1.tlog
c:\users\rchung\desktop\vpt\debug\vpt.tlog\rc.read.1.tlog
c:\users\rchung\desktop\vpt\debug\vpt.tlog\rc.write.1.tlog
