c:\users\rchung\desktop\vpt\release\vpt.pch
c:\users\rchung\desktop\vpt\release\vc140.pdb
c:\users\rchung\desktop\vpt\release\stdafx.obj
c:\users\rchung\desktop\vpt\release\vptview.obj
c:\users\rchung\desktop\vpt\release\vptdoc.obj
c:\users\rchung\desktop\vpt\release\vpt.obj
c:\users\rchung\desktop\vpt\release\videoctrlfrm.obj
c:\users\rchung\desktop\vpt\release\videoctrlbar.obj
c:\users\rchung\desktop\vpt\release\videocapture.obj
c:\users\rchung\desktop\vpt\release\tunnel.obj
c:\users\rchung\desktop\vpt\release\processing.obj
c:\users\rchung\desktop\vpt\release\mainfrm.obj
c:\users\rchung\desktop\vpt\release\imgparam.obj
c:\users\rchung\desktop\vpt\release\imageloader.obj
c:\users\rchung\desktop\vpt\release\dsvideograbber.obj
c:\users\rchung\desktop\vpt\release\customsplitterwnd.obj
c:\users\rchung\desktop\vpt\release\consoleview.obj
c:\users\rchung\desktop\vpt\release\childfrm.obj
c:\users\rchung\desktop\vpt\release\captureselect.obj
c:\users\rchung\desktop\vpt\release\aviwriter.obj
c:\users\rchung\desktop\vpt\release\aviloader.obj
c:\users\rchung\desktop\vpt\release\appconvert.obj
c:\users\rchung\desktop\vpt\release\appcompress.obj
c:\users\rchung\desktop\vpt\release\appvideoenhance.obj
c:\users\rchung\desktop\vpt\release\apptest.obj
c:\users\rchung\desktop\vpt\release\apporderfilter.obj
c:\users\rchung\desktop\vpt\release\appme.obj
c:\users\rchung\desktop\vpt\release\appmctf.obj
c:\users\rchung\desktop\vpt\release\appfieldorder.obj
c:\users\rchung\desktop\vpt\release\appencodedecode.obj
c:\users\rchung\desktop\vpt\release\appdeinterlacing.obj
c:\users\rchung\desktop\vpt\release\videoenhance.obj
c:\users\rchung\desktop\vpt\release\vfwinterface.obj
c:\users\rchung\desktop\vpt\release\noisegenerator.obj
c:\users\rchung\desktop\vpt\release\linklist.obj
c:\users\rchung\desktop\vpt\release\imagefilter.obj
c:\users\rchung\desktop\vpt\release\dsgraphbuilder.obj
c:\users\rchung\desktop\vpt\release\cpuid.obj
c:\users\rchung\desktop\vpt\release\bitstream.obj
c:\users\rchung\desktop\vpt\release\videodeinterlace.obj
c:\users\rchung\desktop\vpt\release\motionestimation_yuv420.obj
c:\users\rchung\desktop\vpt\release\mctemporalfilter.obj
c:\users\rchung\desktop\vpt\release\frame_yuv420.obj
c:\users\rchung\desktop\vpt\release\imageconvert.obj
c:\users\rchung\desktop\vpt\release\vpt.exe
c:\users\rchung\desktop\vpt\release\imageconvert.asm
c:\users\rchung\desktop\vpt\release\vpt.ipdb
c:\users\rchung\desktop\vpt\release\vpt.iobj
c:\users\rchung\desktop\vpt\release\vpt.pdb
c:\users\rchung\desktop\vpt\release\vpt.res
c:\users\rchung\desktop\vpt\release\vpt.tlog\cl.command.1.tlog
c:\users\rchung\desktop\vpt\release\vpt.tlog\cl.read.1.tlog
c:\users\rchung\desktop\vpt\release\vpt.tlog\cl.write.1.tlog
c:\users\rchung\desktop\vpt\release\vpt.tlog\link.command.1.tlog
c:\users\rchung\desktop\vpt\release\vpt.tlog\link.read.1.tlog
c:\users\rchung\desktop\vpt\release\vpt.tlog\link.write.1.tlog
c:\users\rchung\desktop\vpt\release\vpt.tlog\rc.command.1.tlog
c:\users\rchung\desktop\vpt\release\vpt.tlog\rc.read.1.tlog
c:\users\rchung\desktop\vpt\release\vpt.tlog\rc.write.1.tlog
